2024-09-26 19:44:20,921 - INFO - Script MatchMove Exporter started.
2024-09-26 19:44:55,602 - INFO - Script MatchMove Exporter started.
2024-09-26 19:45:17,056 - INFO - Script MatchMove Exporter started.
2024-09-26 19:48:22,426 - INFO - SUCK A DICK
2024-09-26 19:48:38,263 - INFO - SUCK A DICK
2024-09-26 19:49:02,524 - DEBUG - SUCK A DICK
2024-09-26 19:49:04,919 - DEBUG - SUCK A DICK
2024-09-26 19:49:15,504 - WARNING - SUCK A DICK
2024-09-26 19:53:55,217 - DEBUG - Это сообщение для отладки.
2024-09-26 19:53:55,218 - INFO - Это информационное сообщение.
2024-09-26 19:53:55,218 - WARNING - Это предупреждение.
2024-09-26 19:53:55,218 - ERROR - Это ошибка.
2024-09-26 19:53:55,218 - CRITICAL - Это критическая ошибка.
2024-09-26 19:53:55,218 - DEBUG - Это сообщение для отладки.
2024-09-26 19:53:55,218 - INFO - Это информационное сообщение.
2024-09-26 19:53:55,218 - WARNING - Это предупреждение.
2024-09-26 19:53:55,218 - ERROR - Это ошибка.
2024-09-26 19:53:55,218 - CRITICAL - Это критическая ошибка.
2024-09-26 19:54:14,043 - DEBUG - Это сообщение для отладки.
2024-09-26 19:54:14,045 - INFO - Это информационное сообщение.
2024-09-26 19:54:14,045 - WARNING - Это предупреждение.
2024-09-26 19:54:14,045 - ERROR - Это ошибка.
2024-09-26 19:54:14,045 - CRITICAL - Это критическая ошибка.
2024-09-26 19:54:34,073 - DEBUG - Это сообщение для отладки.
2024-09-26 19:54:34,073 - INFO - Это информационное сообщение.
2024-09-26 19:54:34,073 - WARNING - Это предупреждение.
2024-09-26 19:54:34,073 - ERROR - Это ошибка.
2024-09-26 19:54:34,074 - CRITICAL - Это критическая ошибка.
2024-09-26 19:54:37,540 - DEBUG - Это сообщение для отладки.
2024-09-26 19:54:37,541 - INFO - Это информационное сообщение.
2024-09-26 19:54:37,541 - WARNING - Это предупреждение.
2024-09-26 19:54:37,541 - ERROR - Это ошибка.
2024-09-26 19:54:37,541 - CRITICAL - Это критическая ошибка.
2024-09-26 19:54:58,607 - DEBUG - Это сообщение для отладки.
2024-09-26 19:54:58,607 - INFO - Это информационное сообщение.
2024-09-26 19:54:58,608 - WARNING - Это предупреждение.
2024-09-26 19:54:58,608 - ERROR - Это ошибка.
2024-09-26 19:54:58,608 - CRITICAL - Это критическая ошибка.
