2024-09-27 12:09:52,077 - INFO - HELLO WORLD
2024-09-27 12:10:16,251 - INFO - HELLO WORLD
2024-09-27 12:15:25,278 - INFO - 3de4 with MatchMoveExporter started.
2024-09-27 12:15:58,210 - INFO - 3de4 with MatchMoveExporter started.
2024-09-27 12:16:15,613 - INFO - 3de4 with MatchMoveExporter started.
2024-09-27 12:16:28,005 - INFO - 3de4 with MatchMoveExporter started.
2024-09-27 12:17:35,088 - INFO - 3de4 with MatchMoveExporter started.
2024-09-27 12:17:39,406 - INFO - 3de4 with MatchMoveExporter started.
2024-09-27 12:17:46,960 - INFO - 3de4 with MatchMoveExporter started.
2024-09-27 12:17:58,414 - INFO - 3de4 with MatchMoveExporter started.
2024-09-27 12:18:25,985 - INFO - 3de4 with MatchMoveExporter started.
2024-09-27 12:21:30,830 - INFO - 3de4 with MatchMoveExporter started.
2024-09-27 12:21:35,470 - INFO - 3de4 with MatchMoveExporter started.
2024-09-27 12:23:17,025 - INFO - 3de4 with MatchMoveExporter started.
2024-09-27 12:23:19,925 - INFO - 3de4 with MatchMoveExporter started.
2024-09-27 12:23:22,911 - INFO - 3de4 with MatchMoveExporter started.
2024-09-27 12:31:35,095 - INFO - 3de4 with MatchMoveExporter started.
2024-09-27 12:31:37,415 - INFO - 3de4 with MatchMoveExporter started.
2024-09-27 12:31:37,415 - INFO - 3de4 with MatchMoveExporter started.
2024-09-27 12:33:06,430 - INFO - 3de4 with MatchMoveExporter started.
2024-09-27 12:33:08,796 - INFO - 3de4 with MatchMoveExporter started.
2024-09-27 12:34:09,852 - MatchMoveExporter - INFO - <string> - Line: 23 - 3de4 with MatchMoveExporter started.
2024-09-27 12:35:27,326 - MatchMoveExporter - INFO - <string> - Line: 23 - 3de4 with MatchMoveExporter started.
2024-09-27 12:35:34,330 - MatchMoveExporter - INFO - <string> - Line: 23 - 3de4 with MatchMoveExporter started.
2024-09-27 12:35:48,135 - MatchMoveExporter - INFO - <string> - Line: 23 - File: <string> - 3de4 with MatchMoveExporter started.
2024-09-27 12:38:11,346 - MatchMoveExporter - INFO - <string> - Line: 23 - File: <string> - 3de4 with MatchMoveExporter started.
2024-09-27 12:38:11,346 - MatchMoveExporter - ERROR - <string> - Line: 31 - File: <string> - Попытка деления на ноль
Traceback (most recent call last):
  File "<string>", line 28, in divide
ZeroDivisionError: division by zero
2024-09-27 12:38:29,996 - MatchMoveExporter - INFO - <string> - Line: 23 - File: <string> - 3de4 with MatchMoveExporter started.
2024-09-27 12:41:08,271 - MatchMoveExporter - INFO - <string> - Line: 23 - File: <string> - 3de4 with MatchMoveExporter started.
2024-09-27 12:41:30,683 - MatchMoveExporter - INFO - <string> - Line: 23 - File: <string> - 3de4 with MatchMoveExporter started.
2024-09-27 12:41:30,683 - MatchMoveExporter - CRITICAL - log_utilities - Line: 40 - File: log_utilities.py - Необработанное исключение
Traceback (most recent call last):
  File "<string>", line 30, in <module>
  File "<string>", line 27, in divide
ZeroDivisionError: division by zero
2024-09-27 12:41:52,737 - MatchMoveExporter - INFO - <string> - Line: 23 - File: <string> - 3de4 with MatchMoveExporter started.
2024-09-27 12:42:15,851 - MatchMoveExporter - INFO - <string> - Line: 23 - File: <string> - 3de4 with MatchMoveExporter started.
2024-09-27 12:42:15,851 - MatchMoveExporter - CRITICAL - log_utilities - Line: 40 - File: log_utilities.py - Необработанное исключение
Traceback (most recent call last):
  File "<string>", line 30, in <module>
  File "<string>", line 27, in divide
ZeroDivisionError: division by zero
2024-09-27 13:55:15,036 - MatchMoveExporter - INFO - log_utilities - Line: 78 - File: log_utilities.py - New MatchMoveExporter logger set up.
2024-09-27 13:55:47,731 - MatchMoveExporter - INFO - log_utilities - Line: 78 - File: log_utilities.py - New MatchMoveExporter logger set up.
2024-09-27 13:59:11,182 - MatchMoveExporter - INFO - log_utilities - Line: 78 - File: log_utilities.py - New MatchMoveExporter logger set up.
2024-09-27 14:01:05,583 - MatchMoveExporter - INFO - log_utilities - Line: 81 - File: log_utilities.py - New MatchMoveExporter logger set up.
2024-09-27 14:02:04,100 - MatchMoveExporter - INFO - log_utilities - Line: 81 - File: log_utilities.py - New MatchMoveExporter logger set up.
2024-09-27 14:02:06,587 - MatchMoveExporter - INFO - log_utilities - Line: 81 - File: log_utilities.py - New MatchMoveExporter logger set up.
2024-09-27 14:02:06,602 - MatchMoveExporter - INFO - NUKE_PYTHON_SCRIPT - Line: 17 - File: NUKE_PYTHON_SCRIPT.py - Blur node created: Blur8
2024-09-27 14:02:23,125 - MatchMoveExporter - INFO - log_utilities - Line: 81 - File: log_utilities.py - New MatchMoveExporter logger set up.
2024-09-27 14:02:25,460 - MatchMoveExporter - INFO - log_utilities - Line: 81 - File: log_utilities.py - New MatchMoveExporter logger set up.
2024-09-27 14:02:25,475 - MatchMoveExporter - INFO - NUKE_PYTHON_SCRIPT - Line: 17 - File: NUKE_PYTHON_SCRIPT.py - Blur node created: Blur9
2024-09-27 14:02:28,537 - MatchMoveExporter - INFO - log_utilities - Line: 81 - File: log_utilities.py - New MatchMoveExporter logger set up.
2024-09-27 14:02:28,553 - MatchMoveExporter - INFO - NUKE_PYTHON_SCRIPT - Line: 17 - File: NUKE_PYTHON_SCRIPT.py - Blur node created: Blur10
2024-09-27 14:02:33,228 - MatchMoveExporter - INFO - log_utilities - Line: 81 - File: log_utilities.py - New MatchMoveExporter logger set up.
2024-09-27 14:02:33,251 - MatchMoveExporter - INFO - NUKE_PYTHON_SCRIPT - Line: 17 - File: NUKE_PYTHON_SCRIPT.py - Blur node created: Blur11
2024-09-27 14:02:39,570 - MatchMoveExporter - INFO - log_utilities - Line: 81 - File: log_utilities.py - New MatchMoveExporter logger set up.
2024-09-27 14:03:00,522 - MatchMoveExporter - INFO - log_utilities - Line: 81 - File: log_utilities.py - New MatchMoveExporter logger set up.
2024-09-27 14:03:05,160 - MatchMoveExporter - INFO - log_utilities - Line: 81 - File: log_utilities.py - New MatchMoveExporter logger set up.
2024-09-27 14:03:05,176 - MatchMoveExporter - INFO - NUKE_PYTHON_SCRIPT - Line: 17 - File: NUKE_PYTHON_SCRIPT.py - Blur node created: Blur12
2024-09-27 14:03:31,575 - MatchMoveExporter - INFO - log_utilities - Line: 81 - File: log_utilities.py - New MatchMoveExporter logger set up.
2024-09-27 14:03:33,144 - MatchMoveExporter - CRITICAL - log_utilities - Line: 40 - File: log_utilities.py - Необработанное исключение
Traceback (most recent call last):
  File "<string>", line 1, in <module>
  File "<string>", line 57, in button_clicked_callback
TypeError: log() missing 1 required positional argument: 'msg'
2024-09-27 14:03:34,511 - MatchMoveExporter - INFO - log_utilities - Line: 81 - File: log_utilities.py - New MatchMoveExporter logger set up.
2024-09-27 14:03:34,527 - MatchMoveExporter - INFO - NUKE_PYTHON_SCRIPT - Line: 17 - File: NUKE_PYTHON_SCRIPT.py - Blur node created: Blur13
2024-09-27 14:03:51,898 - MatchMoveExporter - INFO - log_utilities - Line: 81 - File: log_utilities.py - New MatchMoveExporter logger set up.
2024-09-27 14:03:52,985 - MatchMoveExporter - CRITICAL - log_utilities - Line: 40 - File: log_utilities.py - Необработанное исключение
Traceback (most recent call last):
  File "<string>", line 1, in <module>
  File "<string>", line 57, in button_clicked_callback
TypeError: log() missing 1 required positional argument: 'msg'
2024-09-27 14:03:54,348 - MatchMoveExporter - INFO - log_utilities - Line: 81 - File: log_utilities.py - New MatchMoveExporter logger set up.
2024-09-27 14:03:54,364 - MatchMoveExporter - INFO - NUKE_PYTHON_SCRIPT - Line: 17 - File: NUKE_PYTHON_SCRIPT.py - Blur node created: Blur14
2024-09-27 14:04:15,780 - MatchMoveExporter - INFO - log_utilities - Line: 81 - File: log_utilities.py - New MatchMoveExporter logger set up.
2024-09-27 14:04:16,522 - MatchMoveExporter - CRITICAL - log_utilities - Line: 40 - File: log_utilities.py - Необработанное исключение
Traceback (most recent call last):
  File "<string>", line 1, in <module>
  File "<string>", line 57, in button_clicked_callback
TypeError: log() missing 1 required positional argument: 'msg'
2024-09-27 14:04:39,104 - MatchMoveExporter - INFO - log_utilities - Line: 81 - File: log_utilities.py - New MatchMoveExporter logger set up.
2024-09-27 14:04:39,802 - MatchMoveExporter - INFO - <string> - Line: 57 - File: <string> - EQUALIZER STILL HAS LOGGING!
2024-09-27 14:04:41,131 - MatchMoveExporter - INFO - log_utilities - Line: 81 - File: log_utilities.py - New MatchMoveExporter logger set up.
2024-09-27 14:04:41,148 - MatchMoveExporter - INFO - NUKE_PYTHON_SCRIPT - Line: 17 - File: NUKE_PYTHON_SCRIPT.py - Blur node created: Blur15
2024-09-27 14:05:05,960 - MatchMoveExporter - INFO - log_utilities - Line: 81 - File: log_utilities.py - New MatchMoveExporter logger set up.
2024-09-27 14:05:06,787 - MatchMoveExporter - INFO - <string> - Line: 57 - File: <string> - EQUALIZER STILL HAS LOGGING!
2024-09-27 14:05:35,838 - MatchMoveExporter - INFO - log_utilities - Line: 81 - File: log_utilities.py - New MatchMoveExporter logger set up.
2024-09-27 14:05:40,142 - MatchMoveExporter - INFO - log_utilities - Line: 81 - File: log_utilities.py - New MatchMoveExporter logger set up.
2024-09-27 14:06:28,179 - MatchMoveExporter - INFO - log_utilities - Line: 81 - File: log_utilities.py - New MatchMoveExporter logger set up.
2024-09-27 14:06:28,179 - MatchMoveExporter - INFO - log_utilities - Line: 82 - File: log_utilities.py - New MatchMoveExporter logger set up2.
2024-09-27 14:06:29,926 - MatchMoveExporter - INFO - <string> - Line: 57 - File: <string> - EQUALIZER STILL HAS LOGGING!
2024-09-27 14:09:17,650 - MatchMoveExporter - INFO - log_utilities - Line: 86 - File: log_utilities.py - New MatchMoveExporter logger set up.
2024-09-27 14:09:17,650 - MatchMoveExporter - INFO - log_utilities - Line: 87 - File: log_utilities.py - New MatchMoveExporter logger set up2.
2024-09-27 14:09:18,966 - MatchMoveExporter - INFO - <string> - Line: 57 - File: <string> - EQUALIZER STILL HAS LOGGING!
2024-09-27 14:09:45,918 - MatchMoveExporter - INFO - log_utilities - Line: 86 - File: log_utilities.py - New MatchMoveExporter logger set up.
2024-09-27 14:09:45,918 - MatchMoveExporter - INFO - log_utilities - Line: 87 - File: log_utilities.py - New MatchMoveExporter logger set up2.
2024-09-27 14:09:45,950 - MatchMoveExporter - INFO - <string> - Line: 68 - File: <string> - EQUALIZER STILL HAS LOGGING!
2024-09-27 14:10:54,970 - MatchMoveExporter - INFO - log_utilities - Line: 86 - File: log_utilities.py - New MatchMoveExporter logger set up.
2024-09-27 14:10:54,970 - MatchMoveExporter - INFO - log_utilities - Line: 87 - File: log_utilities.py - New MatchMoveExporter logger set up2.
2024-09-27 14:10:54,995 - MatchMoveExporter - INFO - <string> - Line: 68 - File: <string> - EQUALIZER STILL HAS LOGGING!
2024-09-27 14:10:55,909 - MatchMoveExporter - INFO - <string> - Line: 57 - File: <string> - EQUALIZER STILL HAS LOGGING!
2024-09-27 14:11:15,926 - MatchMoveExporter - INFO - log_utilities - Line: 86 - File: log_utilities.py - New MatchMoveExporter logger set up.
2024-09-27 14:11:15,926 - MatchMoveExporter - INFO - log_utilities - Line: 87 - File: log_utilities.py - New MatchMoveExporter logger set up2.
2024-09-27 14:11:15,950 - MatchMoveExporter - INFO - <string> - Line: 68 - File: <string> - EQUALIZER STILL HAS LOGGING!
2024-09-27 14:11:16,782 - MatchMoveExporter - INFO - <string> - Line: 57 - File: <string> - EQUALIZER STILL HAS LOGGING!
2024-09-27 14:13:51,303 - MatchMoveExporter - INFO - log_utilities - Line: 86 - File: log_utilities.py - New MatchMoveExporter logger set up.
2024-09-27 14:13:51,303 - MatchMoveExporter - INFO - log_utilities - Line: 87 - File: log_utilities.py - New MatchMoveExporter logger set up2.
2024-09-27 14:13:51,336 - MatchMoveExporter - INFO - <string> - Line: 68 - File: <string> - EQUALIZER STILL HAS LOGGING!
2024-09-27 14:16:52,900 - MatchMoveExporter - INFO - log_utilities - Line: 86 - File: log_utilities.py - New MatchMoveExporter logger set up.
2024-09-27 14:16:52,900 - MatchMoveExporter - INFO - log_utilities - Line: 87 - File: log_utilities.py - New MatchMoveExporter logger set up2.
2024-09-27 14:16:53,935 - MatchMoveExporter - INFO - <string> - Line: 57 - File: <string> - EQUALIZER STILL HAS LOGGING!
2024-09-27 14:16:55,268 - MatchMoveExporter - INFO - log_utilities - Line: 86 - File: log_utilities.py - New MatchMoveExporter logger set up.
2024-09-27 14:16:55,269 - MatchMoveExporter - INFO - log_utilities - Line: 87 - File: log_utilities.py - New MatchMoveExporter logger set up2.
2024-09-27 14:16:55,269 - MatchMoveExporter - INFO - NUKE_PYTHON_SCRIPT - Line: 10 - File: NUKE_PYTHON_SCRIPT.py - Nuke works good!
2024-09-27 14:16:55,284 - MatchMoveExporter - INFO - NUKE_PYTHON_SCRIPT - Line: 18 - File: NUKE_PYTHON_SCRIPT.py - Blur node created: Blur16
2024-09-27 15:03:01,794 - MatchMoveExporter - INFO - log_utilities - Line: 86 - File: log_utilities.py - New MatchMoveExporter logger set up.
2024-09-27 15:03:01,795 - MatchMoveExporter - INFO - log_utilities - Line: 87 - File: log_utilities.py - New MatchMoveExporter logger set up2.
2024-09-27 15:03:03,050 - MatchMoveExporter - INFO - <string> - Line: 57 - File: <string> - EQUALIZER STILL HAS LOGGING!
2024-09-27 15:03:22,299 - MatchMoveExporter - INFO - log_utilities - Line: 86 - File: log_utilities.py - New MatchMoveExporter logger set up.
2024-09-27 15:03:22,299 - MatchMoveExporter - INFO - log_utilities - Line: 87 - File: log_utilities.py - New MatchMoveExporter logger set up2.
2024-09-27 15:03:22,299 - MatchMoveExporter - INFO - NUKE_PYTHON_SCRIPT - Line: 10 - File: NUKE_PYTHON_SCRIPT.py - Nuke works good!
2024-09-27 15:03:22,314 - MatchMoveExporter - INFO - NUKE_PYTHON_SCRIPT - Line: 18 - File: NUKE_PYTHON_SCRIPT.py - Blur node created: Blur17
2024-09-27 15:03:27,848 - MatchMoveExporter - INFO - <string> - Line: 57 - File: <string> - EQUALIZER STILL HAS LOGGING!
2024-09-27 15:03:29,206 - MatchMoveExporter - INFO - log_utilities - Line: 86 - File: log_utilities.py - New MatchMoveExporter logger set up.
2024-09-27 15:03:29,207 - MatchMoveExporter - INFO - log_utilities - Line: 87 - File: log_utilities.py - New MatchMoveExporter logger set up2.
2024-09-27 15:03:29,207 - MatchMoveExporter - INFO - NUKE_PYTHON_SCRIPT - Line: 10 - File: NUKE_PYTHON_SCRIPT.py - Nuke works good!
2024-09-27 15:03:29,225 - MatchMoveExporter - INFO - NUKE_PYTHON_SCRIPT - Line: 18 - File: NUKE_PYTHON_SCRIPT.py - Blur node created: Blur18
2024-09-27 15:27:19,689 - MatchMoveExporter - CRITICAL - log_utilities - Line: 40 - File: log_utilities.py - Необработанное исключение
Traceback (most recent call last):
  File "<string>", line 1, in <module>
ModuleNotFoundError: No module named 'rot3d'
2024-09-27 15:27:22,736 - MatchMoveExporter - CRITICAL - log_utilities - Line: 40 - File: log_utilities.py - Необработанное исключение
Traceback (most recent call last):
  File "<string>", line 1, in <module>
NameError: name 'import1' is not defined
2024-09-27 15:27:26,192 - MatchMoveExporter - CRITICAL - log_utilities - Line: 40 - File: log_utilities.py - Необработанное исключение
  File "<string>", line 1
    import 1
           ^
SyntaxError: invalid syntax
2024-09-27 15:27:28,489 - MatchMoveExporter - CRITICAL - log_utilities - Line: 40 - File: log_utilities.py - Необработанное исключение
Traceback (most recent call last):
  File "<string>", line 1, in <module>
ModuleNotFoundError: No module named 'asd'
2024-09-27 16:06:49,312 - MatchMoveExporter - INFO - log_utilities - Line: 86 - File: log_utilities.py - New MatchMoveExporter logger set up.
2024-09-27 16:06:49,312 - MatchMoveExporter - INFO - log_utilities - Line: 87 - File: log_utilities.py - New MatchMoveExporter logger set up2.
2024-09-27 16:07:02,586 - MatchMoveExporter - INFO - <string> - Line: 63 - File: <string> - EQUALIZER STILL HAS LOGGING!
2024-09-27 16:07:22,119 - MatchMoveExporter - INFO - log_utilities - Line: 86 - File: log_utilities.py - New MatchMoveExporter logger set up.
2024-09-27 16:07:22,119 - MatchMoveExporter - INFO - log_utilities - Line: 87 - File: log_utilities.py - New MatchMoveExporter logger set up2.
2024-09-27 16:07:22,119 - MatchMoveExporter - INFO - NUKE_PYTHON_SCRIPT - Line: 10 - File: NUKE_PYTHON_SCRIPT.py - Nuke works good!
2024-09-27 16:07:22,146 - MatchMoveExporter - INFO - NUKE_PYTHON_SCRIPT - Line: 18 - File: NUKE_PYTHON_SCRIPT.py - Blur node created: Blur1
2024-09-27 16:07:43,194 - MatchMoveExporter - INFO - <string> - Line: 63 - File: <string> - EQUALIZER STILL HAS LOGGING!
2024-09-27 16:07:44,791 - MatchMoveExporter - INFO - log_utilities - Line: 86 - File: log_utilities.py - New MatchMoveExporter logger set up.
2024-09-27 16:07:44,792 - MatchMoveExporter - INFO - log_utilities - Line: 87 - File: log_utilities.py - New MatchMoveExporter logger set up2.
2024-09-27 16:07:44,792 - MatchMoveExporter - INFO - NUKE_PYTHON_SCRIPT - Line: 10 - File: NUKE_PYTHON_SCRIPT.py - Nuke works good!
2024-09-27 16:07:44,812 - MatchMoveExporter - INFO - NUKE_PYTHON_SCRIPT - Line: 18 - File: NUKE_PYTHON_SCRIPT.py - Blur node created: Blur2
2024-10-14 15:50:22,100 - MatchMoveExporter - INFO - log_utilities - Line: 86 - File: log_utilities.py - New MatchMoveExporter logger set up.
2024-10-14 15:50:22,100 - MatchMoveExporter - INFO - log_utilities - Line: 87 - File: log_utilities.py - New MatchMoveExporter logger set up2.
2024-10-14 15:55:43,506 - MatchMoveExporter - INFO - log_utilities - Line: 86 - File: log_utilities.py - New MatchMoveExporter logger set up.
2024-10-14 15:55:43,506 - MatchMoveExporter - INFO - log_utilities - Line: 87 - File: log_utilities.py - New MatchMoveExporter logger set up2.
2024-10-14 15:55:44,626 - MatchMoveExporter - INFO - <string> - Line: 65 - File: <string> - EQUALIZER STILL HAS LOGGING!
2024-10-14 15:55:46,145 - MatchMoveExporter - INFO - log_utilities - Line: 86 - File: log_utilities.py - New MatchMoveExporter logger set up.
2024-10-14 15:55:46,145 - MatchMoveExporter - INFO - log_utilities - Line: 87 - File: log_utilities.py - New MatchMoveExporter logger set up2.
2024-10-14 15:55:46,145 - MatchMoveExporter - INFO - NUKE_PYTHON_SCRIPT - Line: 10 - File: NUKE_PYTHON_SCRIPT.py - Nuke works good!
2024-10-14 15:55:46,157 - MatchMoveExporter - INFO - NUKE_PYTHON_SCRIPT - Line: 18 - File: NUKE_PYTHON_SCRIPT.py - Blur node created: Blur1
2024-10-14 15:59:15,548 - MatchMoveExporter - INFO - log_utilities - Line: 86 - File: log_utilities.py - New MatchMoveExporter logger set up.
2024-10-14 15:59:15,548 - MatchMoveExporter - INFO - log_utilities - Line: 87 - File: log_utilities.py - New MatchMoveExporter logger set up2.
2024-10-14 15:59:22,768 - MatchMoveExporter - INFO - log_utilities - Line: 86 - File: log_utilities.py - New MatchMoveExporter logger set up.
2024-10-14 15:59:22,768 - MatchMoveExporter - INFO - log_utilities - Line: 87 - File: log_utilities.py - New MatchMoveExporter logger set up2.
2024-10-14 15:59:23,554 - MatchMoveExporter - INFO - <string> - Line: 69 - File: <string> - EQUALIZER STILL HAS LOGGING!
2024-10-14 15:59:25,043 - MatchMoveExporter - INFO - log_utilities - Line: 86 - File: log_utilities.py - New MatchMoveExporter logger set up.
2024-10-14 15:59:25,043 - MatchMoveExporter - INFO - log_utilities - Line: 87 - File: log_utilities.py - New MatchMoveExporter logger set up2.
2024-10-14 15:59:25,043 - MatchMoveExporter - INFO - NUKE_PYTHON_SCRIPT - Line: 10 - File: NUKE_PYTHON_SCRIPT.py - Nuke works good!
2024-10-14 15:59:25,055 - MatchMoveExporter - INFO - NUKE_PYTHON_SCRIPT - Line: 18 - File: NUKE_PYTHON_SCRIPT.py - Blur node created: Blur1
2024-10-14 15:59:25,055 - MatchMoveExporter - CRITICAL - log_utilities - Line: 40 - File: log_utilities.py - Необработанное исключение
Traceback (most recent call last):
  File "NUKE_PYTHON_SCRIPT.py", line 21, in <module>
    nuke.scriptSave(NUKE_SCRIPT)
RuntimeError: Can't write c:\Users\user\github\MatchMoveExporter\test_files\sh020\v001\sh000_00_track_v001\sh000_00_track_v001.nk: No such file or directory
2024-10-14 16:00:34,498 - MatchMoveExporter - INFO - log_utilities - Line: 86 - File: log_utilities.py - New MatchMoveExporter logger set up.
2024-10-14 16:00:34,499 - MatchMoveExporter - INFO - log_utilities - Line: 87 - File: log_utilities.py - New MatchMoveExporter logger set up2.
2024-10-14 16:00:35,596 - MatchMoveExporter - INFO - <string> - Line: 71 - File: <string> - EQUALIZER STILL HAS LOGGING!
2024-10-14 16:00:36,929 - MatchMoveExporter - INFO - log_utilities - Line: 86 - File: log_utilities.py - New MatchMoveExporter logger set up.
2024-10-14 16:00:36,929 - MatchMoveExporter - INFO - log_utilities - Line: 87 - File: log_utilities.py - New MatchMoveExporter logger set up2.
2024-10-14 16:00:36,929 - MatchMoveExporter - INFO - NUKE_PYTHON_SCRIPT - Line: 10 - File: NUKE_PYTHON_SCRIPT.py - Nuke works good!
2024-10-14 16:00:36,939 - MatchMoveExporter - INFO - NUKE_PYTHON_SCRIPT - Line: 18 - File: NUKE_PYTHON_SCRIPT.py - Blur node created: Blur1
2024-10-14 16:06:47,645 - MatchMoveExporter - INFO - log_utilities - Line: 86 - File: log_utilities.py - New MatchMoveExporter logger set up.
2024-10-14 16:06:47,646 - MatchMoveExporter - INFO - log_utilities - Line: 87 - File: log_utilities.py - New MatchMoveExporter logger set up2.
2024-10-14 16:06:48,456 - MatchMoveExporter - INFO - <string> - Line: 79 - File: <string> - EQUALIZER STILL HAS LOGGING!
2024-10-14 16:06:49,869 - MatchMoveExporter - INFO - log_utilities - Line: 86 - File: log_utilities.py - New MatchMoveExporter logger set up.
2024-10-14 16:06:49,869 - MatchMoveExporter - INFO - log_utilities - Line: 87 - File: log_utilities.py - New MatchMoveExporter logger set up2.
2024-10-14 16:06:49,869 - MatchMoveExporter - INFO - NUKE_PYTHON_SCRIPT - Line: 10 - File: NUKE_PYTHON_SCRIPT.py - Nuke works good!
2024-10-14 16:06:49,882 - MatchMoveExporter - INFO - NUKE_PYTHON_SCRIPT - Line: 18 - File: NUKE_PYTHON_SCRIPT.py - Blur node created: Blur2
2024-10-14 17:09:16,400 - MatchMoveExporter - INFO - log_utilities - Line: 86 - File: log_utilities.py - New MatchMoveExporter logger set up.
2024-10-14 17:09:16,400 - MatchMoveExporter - INFO - log_utilities - Line: 87 - File: log_utilities.py - New MatchMoveExporter logger set up2.
2024-10-14 17:09:18,660 - MatchMoveExporter - CRITICAL - log_utilities - Line: 40 - File: log_utilities.py - Необработанное исключение
Traceback (most recent call last):
  File "<string>", line 1, in <module>
  File "<string>", line 111, in button_clicked_callback
IndexError: list index out of range
2024-10-14 17:10:04,043 - MatchMoveExporter - INFO - log_utilities - Line: 86 - File: log_utilities.py - New MatchMoveExporter logger set up.
2024-10-14 17:10:04,043 - MatchMoveExporter - INFO - log_utilities - Line: 87 - File: log_utilities.py - New MatchMoveExporter logger set up2.
2024-10-14 17:10:04,842 - MatchMoveExporter - CRITICAL - log_utilities - Line: 40 - File: log_utilities.py - Необработанное исключение
Traceback (most recent call last):
  File "<string>", line 1, in <module>
  File "<string>", line 111, in button_clicked_callback
IndexError: list index out of range
2024-10-14 17:10:16,747 - MatchMoveExporter - INFO - log_utilities - Line: 86 - File: log_utilities.py - New MatchMoveExporter logger set up.
2024-10-14 17:10:16,747 - MatchMoveExporter - INFO - log_utilities - Line: 87 - File: log_utilities.py - New MatchMoveExporter logger set up2.
2024-10-14 17:11:12,626 - MatchMoveExporter - INFO - log_utilities - Line: 86 - File: log_utilities.py - New MatchMoveExporter logger set up.
2024-10-14 17:11:12,626 - MatchMoveExporter - INFO - log_utilities - Line: 87 - File: log_utilities.py - New MatchMoveExporter logger set up2.
2024-10-14 17:11:13,607 - MatchMoveExporter - CRITICAL - log_utilities - Line: 40 - File: log_utilities.py - Необработанное исключение
Traceback (most recent call last):
  File "<string>", line 1, in <module>
  File "<string>", line 113, in button_clicked_callback
IndexError: list index out of range
2024-10-14 17:11:31,938 - MatchMoveExporter - INFO - log_utilities - Line: 86 - File: log_utilities.py - New MatchMoveExporter logger set up.
2024-10-14 17:11:31,938 - MatchMoveExporter - INFO - log_utilities - Line: 87 - File: log_utilities.py - New MatchMoveExporter logger set up2.
2024-10-14 17:11:32,773 - MatchMoveExporter - CRITICAL - log_utilities - Line: 40 - File: log_utilities.py - Необработанное исключение
Traceback (most recent call last):
  File "<string>", line 1, in <module>
  File "<string>", line 110, in button_clicked_callback
IndexError: list index out of range
2024-10-14 17:12:12,105 - MatchMoveExporter - INFO - log_utilities - Line: 86 - File: log_utilities.py - New MatchMoveExporter logger set up.
2024-10-14 17:12:12,105 - MatchMoveExporter - INFO - log_utilities - Line: 87 - File: log_utilities.py - New MatchMoveExporter logger set up2.
2024-10-14 17:12:12,829 - MatchMoveExporter - CRITICAL - log_utilities - Line: 40 - File: log_utilities.py - Необработанное исключение
Traceback (most recent call last):
  File "<string>", line 1, in <module>
  File "<string>", line 107, in button_clicked_callback
IndexError: list index out of range
2024-10-14 17:12:31,216 - MatchMoveExporter - INFO - log_utilities - Line: 86 - File: log_utilities.py - New MatchMoveExporter logger set up.
2024-10-14 17:12:31,216 - MatchMoveExporter - INFO - log_utilities - Line: 87 - File: log_utilities.py - New MatchMoveExporter logger set up2.
2024-10-14 17:13:05,569 - MatchMoveExporter - INFO - log_utilities - Line: 86 - File: log_utilities.py - New MatchMoveExporter logger set up.
2024-10-14 17:13:05,569 - MatchMoveExporter - INFO - log_utilities - Line: 87 - File: log_utilities.py - New MatchMoveExporter logger set up2.
2024-10-14 17:13:06,441 - MatchMoveExporter - CRITICAL - log_utilities - Line: 40 - File: log_utilities.py - Необработанное исключение
Traceback (most recent call last):
  File "<string>", line 1, in <module>
  File "<string>", line 107, in button_clicked_callback
IndexError: list index out of range
2024-10-14 17:13:24,148 - MatchMoveExporter - INFO - log_utilities - Line: 86 - File: log_utilities.py - New MatchMoveExporter logger set up.
2024-10-14 17:13:24,148 - MatchMoveExporter - INFO - log_utilities - Line: 87 - File: log_utilities.py - New MatchMoveExporter logger set up2.
2024-10-14 17:13:24,884 - MatchMoveExporter - CRITICAL - log_utilities - Line: 40 - File: log_utilities.py - Необработанное исключение
Traceback (most recent call last):
  File "<string>", line 1, in <module>
  File "<string>", line 111, in button_clicked_callback
IndexError: list index out of range
2024-10-14 17:13:36,617 - MatchMoveExporter - INFO - log_utilities - Line: 86 - File: log_utilities.py - New MatchMoveExporter logger set up.
2024-10-14 17:13:36,617 - MatchMoveExporter - INFO - log_utilities - Line: 87 - File: log_utilities.py - New MatchMoveExporter logger set up2.
2024-10-14 17:13:37,407 - MatchMoveExporter - CRITICAL - log_utilities - Line: 40 - File: log_utilities.py - Необработанное исключение
Traceback (most recent call last):
  File "<string>", line 1, in <module>
  File "<string>", line 111, in button_clicked_callback
IndexError: list index out of range
2024-10-14 17:14:01,530 - MatchMoveExporter - INFO - log_utilities - Line: 86 - File: log_utilities.py - New MatchMoveExporter logger set up.
2024-10-14 17:14:01,530 - MatchMoveExporter - INFO - log_utilities - Line: 87 - File: log_utilities.py - New MatchMoveExporter logger set up2.
2024-10-14 17:14:02,431 - MatchMoveExporter - CRITICAL - log_utilities - Line: 40 - File: log_utilities.py - Необработанное исключение
Traceback (most recent call last):
  File "<string>", line 1, in <module>
  File "<string>", line 109, in button_clicked_callback
IndexError: list index out of range
2024-10-14 17:14:45,837 - MatchMoveExporter - INFO - log_utilities - Line: 86 - File: log_utilities.py - New MatchMoveExporter logger set up.
2024-10-14 17:14:45,837 - MatchMoveExporter - INFO - log_utilities - Line: 87 - File: log_utilities.py - New MatchMoveExporter logger set up2.
2024-10-14 17:14:46,519 - MatchMoveExporter - CRITICAL - log_utilities - Line: 40 - File: log_utilities.py - Необработанное исключение
Traceback (most recent call last):
  File "<string>", line 1, in <module>
  File "<string>", line 134, in button_clicked_callback
TypeError: 'float' object is not subscriptable
2024-10-14 17:15:09,509 - MatchMoveExporter - INFO - log_utilities - Line: 86 - File: log_utilities.py - New MatchMoveExporter logger set up.
2024-10-14 17:15:09,509 - MatchMoveExporter - INFO - log_utilities - Line: 87 - File: log_utilities.py - New MatchMoveExporter logger set up2.
2024-10-14 17:15:10,521 - MatchMoveExporter - CRITICAL - log_utilities - Line: 40 - File: log_utilities.py - Необработанное исключение
Traceback (most recent call last):
  File "<string>", line 1, in <module>
  File "<string>", line 126, in button_clicked_callback
TypeError: 'float' object is not subscriptable
2024-10-14 17:15:54,078 - MatchMoveExporter - INFO - log_utilities - Line: 86 - File: log_utilities.py - New MatchMoveExporter logger set up.
2024-10-14 17:15:54,079 - MatchMoveExporter - INFO - log_utilities - Line: 87 - File: log_utilities.py - New MatchMoveExporter logger set up2.
2024-10-14 17:15:54,915 - MatchMoveExporter - CRITICAL - log_utilities - Line: 40 - File: log_utilities.py - Необработанное исключение
Traceback (most recent call last):
  File "<string>", line 1, in <module>
  File "<string>", line 124, in button_clicked_callback
TypeError: 'float' object is not subscriptable
2024-10-14 17:16:27,828 - MatchMoveExporter - INFO - log_utilities - Line: 86 - File: log_utilities.py - New MatchMoveExporter logger set up.
2024-10-14 17:16:27,828 - MatchMoveExporter - INFO - log_utilities - Line: 87 - File: log_utilities.py - New MatchMoveExporter logger set up2.
2024-10-14 17:16:28,488 - MatchMoveExporter - CRITICAL - log_utilities - Line: 40 - File: log_utilities.py - Необработанное исключение
Traceback (most recent call last):
  File "<string>", line 1, in <module>
  File "<string>", line 125, in button_clicked_callback
TypeError: 'float' object is not subscriptable
2024-10-14 17:17:08,757 - MatchMoveExporter - INFO - log_utilities - Line: 86 - File: log_utilities.py - New MatchMoveExporter logger set up.
2024-10-14 17:17:08,757 - MatchMoveExporter - INFO - log_utilities - Line: 87 - File: log_utilities.py - New MatchMoveExporter logger set up2.
2024-10-14 17:17:09,706 - MatchMoveExporter - CRITICAL - log_utilities - Line: 40 - File: log_utilities.py - Необработанное исключение
Traceback (most recent call last):
  File "<string>", line 1, in <module>
  File "<string>", line 127, in button_clicked_callback
TypeError: 'float' object is not subscriptable
2024-10-14 17:18:08,586 - MatchMoveExporter - INFO - log_utilities - Line: 86 - File: log_utilities.py - New MatchMoveExporter logger set up.
2024-10-14 17:18:08,586 - MatchMoveExporter - INFO - log_utilities - Line: 87 - File: log_utilities.py - New MatchMoveExporter logger set up2.
2024-10-14 17:18:09,327 - MatchMoveExporter - CRITICAL - log_utilities - Line: 40 - File: log_utilities.py - Необработанное исключение
Traceback (most recent call last):
  File "<string>", line 1, in <module>
  File "<string>", line 129, in button_clicked_callback
TypeError: 'float' object is not subscriptable
2024-10-14 17:18:29,224 - MatchMoveExporter - INFO - log_utilities - Line: 86 - File: log_utilities.py - New MatchMoveExporter logger set up.
2024-10-14 17:18:29,224 - MatchMoveExporter - INFO - log_utilities - Line: 87 - File: log_utilities.py - New MatchMoveExporter logger set up2.
2024-10-14 17:18:29,991 - MatchMoveExporter - CRITICAL - log_utilities - Line: 40 - File: log_utilities.py - Необработанное исключение
Traceback (most recent call last):
  File "<string>", line 1, in <module>
  File "<string>", line 129, in button_clicked_callback
TypeError: 'float' object is not subscriptable
2024-10-14 17:20:11,949 - MatchMoveExporter - INFO - log_utilities - Line: 86 - File: log_utilities.py - New MatchMoveExporter logger set up.
2024-10-14 17:20:11,949 - MatchMoveExporter - INFO - log_utilities - Line: 87 - File: log_utilities.py - New MatchMoveExporter logger set up2.
2024-10-14 17:20:12,798 - MatchMoveExporter - CRITICAL - log_utilities - Line: 40 - File: log_utilities.py - Необработанное исключение
Traceback (most recent call last):
  File "<string>", line 1, in <module>
  File "<string>", line 136, in button_clicked_callback
TypeError: 'float' object is not subscriptable
2024-10-14 17:20:58,742 - MatchMoveExporter - INFO - log_utilities - Line: 86 - File: log_utilities.py - New MatchMoveExporter logger set up.
2024-10-14 17:20:58,742 - MatchMoveExporter - INFO - log_utilities - Line: 87 - File: log_utilities.py - New MatchMoveExporter logger set up2.
2024-10-14 17:20:59,478 - MatchMoveExporter - CRITICAL - log_utilities - Line: 40 - File: log_utilities.py - Необработанное исключение
Traceback (most recent call last):
  File "<string>", line 1, in <module>
  File "<string>", line 138, in button_clicked_callback
TypeError: 'float' object is not subscriptable
2024-10-14 17:21:11,781 - MatchMoveExporter - INFO - log_utilities - Line: 86 - File: log_utilities.py - New MatchMoveExporter logger set up.
2024-10-14 17:21:11,781 - MatchMoveExporter - INFO - log_utilities - Line: 87 - File: log_utilities.py - New MatchMoveExporter logger set up2.
2024-10-14 17:21:12,587 - MatchMoveExporter - CRITICAL - log_utilities - Line: 40 - File: log_utilities.py - Необработанное исключение
Traceback (most recent call last):
  File "<string>", line 1, in <module>
  File "<string>", line 138, in button_clicked_callback
TypeError: 'float' object is not subscriptable
2024-10-14 17:21:40,003 - MatchMoveExporter - INFO - log_utilities - Line: 86 - File: log_utilities.py - New MatchMoveExporter logger set up.
2024-10-14 17:21:40,003 - MatchMoveExporter - INFO - log_utilities - Line: 87 - File: log_utilities.py - New MatchMoveExporter logger set up2.
2024-10-14 17:21:40,763 - MatchMoveExporter - CRITICAL - log_utilities - Line: 40 - File: log_utilities.py - Необработанное исключение
Traceback (most recent call last):
  File "<string>", line 1, in <module>
  File "<string>", line 140, in button_clicked_callback
TypeError: 'float' object is not subscriptable
2024-10-14 17:21:53,523 - MatchMoveExporter - INFO - log_utilities - Line: 86 - File: log_utilities.py - New MatchMoveExporter logger set up.
2024-10-14 17:21:53,523 - MatchMoveExporter - INFO - log_utilities - Line: 87 - File: log_utilities.py - New MatchMoveExporter logger set up2.
2024-10-14 17:21:54,241 - MatchMoveExporter - CRITICAL - log_utilities - Line: 40 - File: log_utilities.py - Необработанное исключение
Traceback (most recent call last):
  File "<string>", line 1, in <module>
  File "<string>", line 142, in button_clicked_callback
TypeError: 'float' object is not subscriptable
2024-10-14 17:22:14,721 - MatchMoveExporter - INFO - log_utilities - Line: 86 - File: log_utilities.py - New MatchMoveExporter logger set up.
2024-10-14 17:22:14,722 - MatchMoveExporter - INFO - log_utilities - Line: 87 - File: log_utilities.py - New MatchMoveExporter logger set up2.
2024-10-14 17:22:15,460 - MatchMoveExporter - CRITICAL - log_utilities - Line: 40 - File: log_utilities.py - Необработанное исключение
Traceback (most recent call last):
  File "<string>", line 1, in <module>
  File "<string>", line 142, in button_clicked_callback
TypeError: 'float' object is not subscriptable
2024-10-14 17:22:45,076 - MatchMoveExporter - INFO - log_utilities - Line: 86 - File: log_utilities.py - New MatchMoveExporter logger set up.
2024-10-14 17:22:45,076 - MatchMoveExporter - INFO - log_utilities - Line: 87 - File: log_utilities.py - New MatchMoveExporter logger set up2.
2024-10-14 17:22:46,196 - MatchMoveExporter - CRITICAL - log_utilities - Line: 40 - File: log_utilities.py - Необработанное исключение
Traceback (most recent call last):
  File "<string>", line 1, in <module>
  File "<string>", line 142, in button_clicked_callback
TypeError: 'float' object is not subscriptable
2024-10-14 17:23:12,336 - MatchMoveExporter - INFO - log_utilities - Line: 86 - File: log_utilities.py - New MatchMoveExporter logger set up.
2024-10-14 17:23:12,336 - MatchMoveExporter - INFO - log_utilities - Line: 87 - File: log_utilities.py - New MatchMoveExporter logger set up2.
2024-10-14 17:31:15,250 - MatchMoveExporter - INFO - log_utilities - Line: 86 - File: log_utilities.py - New MatchMoveExporter logger set up.
2024-10-14 17:31:15,250 - MatchMoveExporter - INFO - log_utilities - Line: 87 - File: log_utilities.py - New MatchMoveExporter logger set up2.
2024-10-14 17:31:16,031 - MatchMoveExporter - CRITICAL - log_utilities - Line: 40 - File: log_utilities.py - Необработанное исключение
Traceback (most recent call last):
  File "<string>", line 1, in <module>
  File "<string>", line 139, in button_clicked_callback
AttributeError: 'str' object has no attribute 'getFirstCamera'
2024-10-14 17:31:26,639 - MatchMoveExporter - INFO - log_utilities - Line: 86 - File: log_utilities.py - New MatchMoveExporter logger set up.
2024-10-14 17:31:26,639 - MatchMoveExporter - INFO - log_utilities - Line: 87 - File: log_utilities.py - New MatchMoveExporter logger set up2.
2024-10-14 17:31:27,284 - MatchMoveExporter - CRITICAL - log_utilities - Line: 40 - File: log_utilities.py - Необработанное исключение
Traceback (most recent call last):
  File "<string>", line 1, in <module>
  File "<string>", line 139, in button_clicked_callback
AttributeError: 'str' object has no attribute 'getFirstCamera'
2024-10-14 17:31:36,335 - MatchMoveExporter - INFO - log_utilities - Line: 86 - File: log_utilities.py - New MatchMoveExporter logger set up.
2024-10-14 17:31:36,335 - MatchMoveExporter - INFO - log_utilities - Line: 87 - File: log_utilities.py - New MatchMoveExporter logger set up2.
2024-10-14 17:31:52,233 - MatchMoveExporter - INFO - log_utilities - Line: 86 - File: log_utilities.py - New MatchMoveExporter logger set up.
2024-10-14 17:31:52,233 - MatchMoveExporter - INFO - log_utilities - Line: 87 - File: log_utilities.py - New MatchMoveExporter logger set up2.
2024-10-14 17:31:52,827 - MatchMoveExporter - CRITICAL - log_utilities - Line: 40 - File: log_utilities.py - Необработанное исключение
Traceback (most recent call last):
  File "<string>", line 1, in <module>
  File "<string>", line 139, in button_clicked_callback
AttributeError: 'str' object has no attribute 'getFirstCamera'
2024-10-14 17:33:29,452 - MatchMoveExporter - INFO - log_utilities - Line: 86 - File: log_utilities.py - New MatchMoveExporter logger set up.
2024-10-14 17:33:29,452 - MatchMoveExporter - INFO - log_utilities - Line: 87 - File: log_utilities.py - New MatchMoveExporter logger set up2.
2024-10-14 17:33:35,499 - MatchMoveExporter - INFO - log_utilities - Line: 86 - File: log_utilities.py - New MatchMoveExporter logger set up.
2024-10-14 17:33:35,500 - MatchMoveExporter - INFO - log_utilities - Line: 87 - File: log_utilities.py - New MatchMoveExporter logger set up2.
2024-10-14 17:33:39,329 - MatchMoveExporter - INFO - log_utilities - Line: 86 - File: log_utilities.py - New MatchMoveExporter logger set up.
2024-10-14 17:33:39,329 - MatchMoveExporter - INFO - log_utilities - Line: 87 - File: log_utilities.py - New MatchMoveExporter logger set up2.
2024-10-14 17:42:01,160 - MatchMoveExporter - INFO - log_utilities - Line: 86 - File: log_utilities.py - New MatchMoveExporter logger set up.
2024-10-14 17:42:01,160 - MatchMoveExporter - INFO - log_utilities - Line: 87 - File: log_utilities.py - New MatchMoveExporter logger set up2.
2024-10-14 17:42:30,338 - MatchMoveExporter - INFO - log_utilities - Line: 86 - File: log_utilities.py - New MatchMoveExporter logger set up.
2024-10-14 17:42:30,338 - MatchMoveExporter - INFO - log_utilities - Line: 87 - File: log_utilities.py - New MatchMoveExporter logger set up2.
2024-10-14 17:42:39,449 - MatchMoveExporter - INFO - log_utilities - Line: 86 - File: log_utilities.py - New MatchMoveExporter logger set up.
2024-10-14 17:42:39,450 - MatchMoveExporter - INFO - log_utilities - Line: 87 - File: log_utilities.py - New MatchMoveExporter logger set up2.
2024-10-14 17:42:40,070 - MatchMoveExporter - CRITICAL - log_utilities - Line: 40 - File: log_utilities.py - Необработанное исключение
Traceback (most recent call last):
  File "<string>", line 1, in <module>
  File "<string>", line 141, in button_clicked_callback
ValueError: argument 3 (frame number) is out of range.
2024-10-14 17:44:04,750 - MatchMoveExporter - INFO - log_utilities - Line: 86 - File: log_utilities.py - New MatchMoveExporter logger set up.
2024-10-14 17:44:04,750 - MatchMoveExporter - INFO - log_utilities - Line: 87 - File: log_utilities.py - New MatchMoveExporter logger set up2.
2024-10-14 17:44:16,213 - MatchMoveExporter - INFO - log_utilities - Line: 86 - File: log_utilities.py - New MatchMoveExporter logger set up.
2024-10-14 17:44:16,213 - MatchMoveExporter - INFO - log_utilities - Line: 87 - File: log_utilities.py - New MatchMoveExporter logger set up2.
2024-10-14 17:51:55,123 - MatchMoveExporter - INFO - log_utilities - Line: 86 - File: log_utilities.py - New MatchMoveExporter logger set up.
2024-10-14 17:51:55,123 - MatchMoveExporter - INFO - log_utilities - Line: 87 - File: log_utilities.py - New MatchMoveExporter logger set up2.
2024-10-14 18:10:12,434 - MatchMoveExporter - INFO - log_utilities - Line: 86 - File: log_utilities.py - New MatchMoveExporter logger set up.
2024-10-14 18:10:12,434 - MatchMoveExporter - INFO - log_utilities - Line: 87 - File: log_utilities.py - New MatchMoveExporter logger set up2.
2024-10-14 18:10:53,854 - MatchMoveExporter - INFO - log_utilities - Line: 86 - File: log_utilities.py - New MatchMoveExporter logger set up.
2024-10-14 18:10:53,854 - MatchMoveExporter - INFO - log_utilities - Line: 87 - File: log_utilities.py - New MatchMoveExporter logger set up2.
2024-10-14 18:22:29,024 - MatchMoveExporter - INFO - log_utilities - Line: 86 - File: log_utilities.py - New MatchMoveExporter logger set up.
2024-10-14 18:22:29,025 - MatchMoveExporter - INFO - log_utilities - Line: 87 - File: log_utilities.py - New MatchMoveExporter logger set up2.
